mainActivity/build/outputs/apk/manifest-merger-debug-report.txt
-- Merging decision tree log ---
manifest
ADDED from AndroidManifest.xml:2:1
	xmlns:android
		ADDED from AndroidManifest.xml:2:11
	package
		ADDED from AndroidManifest.xml:3:5
		INJECTED from AndroidManifest.xml:0:0
		INJECTED from AndroidManifest.xml:0:0
	android:versionName
		ADDED from AndroidManifest.xml:5:5
	android:versionCode
		ADDED from AndroidManifest.xml:4:5
		INJECTED from AndroidManifest.xml:0:0
		INJECTED from AndroidManifest.xml:0:0
uses-sdk
ADDED from AndroidManifest.xml:7:5
MERGED from heshi_android:umeng_community_android_library:unspecified:7:5
MERGED from heshi_android:umeng_community_android_sdk:unspecified:7:5
MERGED from heshi_android:umeng_community_android_library:unspecified:7:5
	android:targetSdkVersion
		ADDED from AndroidManifest.xml:9:9
		INJECTED from AndroidManifest.xml:0:0
		INJECTED from AndroidManifest.xml:0:0
	android:minSdkVersion
		ADDED from AndroidManifest.xml:8:9
		INJECTED from AndroidManifest.xml:0:0
		INJECTED from AndroidManifest.xml:0:0
uses-feature#android.hardware.camera
ADDED from AndroidManifest.xml:12:5
	android:required
		ADDED from AndroidManifest.xml:14:9
	android:name
		ADDED from AndroidManifest.xml:13:9
uses-permission#android.permission.ACCESS_NETWORK_STATE
ADDED from AndroidManifest.xml:18:5
	android:name
		ADDED from AndroidManifest.xml:18:22
uses-permission#android.permission.ACCESS_WIFI_STATE
ADDED from AndroidManifest.xml:20:5
	android:name
		ADDED from AndroidManifest.xml:20:22
uses-permission#android.permission.READ_PHONE_STATE
ADDED from AndroidManifest.xml:22:5
	android:name
		ADDED from AndroidManifest.xml:22:22
uses-permission#android.permission.WRITE_EXTERNAL_STORAGE
ADDED from AndroidManifest.xml:24:5
	android:name
		ADDED from AndroidManifest.xml:24:22
uses-permission#android.permission.INTERNET
ADDED from AndroidManifest.xml:26:5
	android:name
		ADDED from AndroidManifest.xml:26:22
uses-permission#android.permission.ACCESS_FINE_LOCATION
ADDED from AndroidManifest.xml:28:5
	android:name
		ADDED from AndroidManifest.xml:28:22
uses-permission#android.permission.ACCESS_COARSE_LOCATION
ADDED from AndroidManifest.xml:29:5
	android:name
		ADDED from AndroidManifest.xml:29:22
uses-permission#android.permission.READ_LOGS
ADDED from AndroidManifest.xml:32:5
	android:name
		ADDED from AndroidManifest.xml:32:22
uses-permission#android.permission.WAKE_LOCK
ADDED from AndroidManifest.xml:33:5
	android:name
		ADDED from AndroidManifest.xml:33:22
uses-permission#android.permission.VIBRATE
ADDED from AndroidManifest.xml:34:5
	android:name
		ADDED from AndroidManifest.xml:34:22
uses-permission#android.permission.WRITE_SETTINGS
ADDED from AndroidManifest.xml:35:5
	android:name
		ADDED from AndroidManifest.xml:35:22
uses-permission#android.permission.GET_TASKS
ADDED from AndroidManifest.xml:37:5
	android:name
		ADDED from AndroidManifest.xml:37:22
application
ADDED from AndroidManifest.xml:39:5
MERGED from heshi_android:umeng_community_android_library:unspecified:11:5
MERGED from heshi_android:umeng_community_android_sdk:unspecified:11:5
MERGED from heshi_android:umeng_community_android_library:unspecified:11:5
	android:label
		ADDED from AndroidManifest.xml:42:9
	android:allowBackup
		ADDED from AndroidManifest.xml:40:9
	android:icon
		ADDED from AndroidManifest.xml:41:9
	android:theme
		ADDED from AndroidManifest.xml:43:9
activity#com.umeng.community.example.SplashActivity
ADDED from AndroidManifest.xml:44:9
	android:label
		ADDED from AndroidManifest.xml:46:13
	android:name
		ADDED from AndroidManifest.xml:45:13
	android:launchMode
		ADDED from AndroidManifest.xml:47:13
intent-filter#android.intent.action.MAIN+android.intent.category.LAUNCHER
ADDED from AndroidManifest.xml:48:13
action#android.intent.action.MAIN
ADDED from AndroidManifest.xml:49:17
	android:name
		ADDED from AndroidManifest.xml:49:25
category#android.intent.category.LAUNCHER
ADDED from AndroidManifest.xml:51:17
	android:name
		ADDED from AndroidManifest.xml:51:27
activity#com.umeng.community.example.MainActivity
ADDED from AndroidManifest.xml:55:9
	android:windowSoftInputMode
		ADDED from AndroidManifest.xml:58:13
	android:configChanges
		ADDED from AndroidManifest.xml:57:13
	android:name
		ADDED from AndroidManifest.xml:56:13
activity#com.umeng.comm.ui.activities.FindActivity
ADDED from AndroidManifest.xml:61:3
	android:windowSoftInputMode
		ADDED from AndroidManifest.xml:64:13
	android:configChanges
		ADDED from AndroidManifest.xml:63:13
	android:name
		ADDED from AndroidManifest.xml:62:13
activity#com.umeng.comm.ui.activities.UserInfoActivity
ADDED from AndroidManifest.xml:67:9
	android:windowSoftInputMode
		ADDED from AndroidManifest.xml:70:13
	android:configChanges
		ADDED from AndroidManifest.xml:69:13
	android:name
		ADDED from AndroidManifest.xml:68:13
activity#com.umeng.comm.ui.activities.TopicDetailActivity
ADDED from AndroidManifest.xml:72:9
	android:windowSoftInputMode
		ADDED from AndroidManifest.xml:75:13
	android:configChanges
		ADDED from AndroidManifest.xml:74:13
	android:name
		ADDED from AndroidManifest.xml:73:13
activity#com.umeng.comm.ui.activities.FeedsActivity
ADDED from AndroidManifest.xml:77:9
	android:windowSoftInputMode
		ADDED from AndroidManifest.xml:81:13
	android:screenOrientation
		ADDED from AndroidManifest.xml:80:13
	android:configChanges
		ADDED from AndroidManifest.xml:79:13
	android:name
		ADDED from AndroidManifest.xml:78:13
activity#com.umeng.comm.ui.activities.PostFeedActivity
ADDED from AndroidManifest.xml:83:9
	android:windowSoftInputMode
		ADDED from AndroidManifest.xml:86:13
	android:configChanges
		ADDED from AndroidManifest.xml:85:13
	android:name
		ADDED from AndroidManifest.xml:84:13
activity#com.umeng.comm.ui.activities.ForwardActivity
ADDED from AndroidManifest.xml:89:9
	android:windowSoftInputMode
		ADDED from AndroidManifest.xml:92:13
	android:configChanges
		ADDED from AndroidManifest.xml:91:13
	android:name
		ADDED from AndroidManifest.xml:90:13
activity#com.umeng.comm.ui.activities.FeedDetailActivity
ADDED from AndroidManifest.xml:95:9
	android:windowSoftInputMode
		ADDED from AndroidManifest.xml:99:13
	android:configChanges
		ADDED from AndroidManifest.xml:97:13
	android:name
		ADDED from AndroidManifest.xml:96:13
	android:launchMode
		ADDED from AndroidManifest.xml:98:13
activity#com.umeng.comm.ui.activities.SettingActivity
ADDED from AndroidManifest.xml:102:9
	android:name
		ADDED from AndroidManifest.xml:102:19
activity#com.umeng.comm.ui.activities.GuideActivity
ADDED from AndroidManifest.xml:105:9
	android:name
		ADDED from AndroidManifest.xml:105:19
activity#com.umeng.login.views.LoginActivity
ADDED from AndroidManifest.xml:108:9
	android:name
		ADDED from AndroidManifest.xml:108:19
activity#com.tencent.tauth.AuthActivity
ADDED from AndroidManifest.xml:111:9
	android:noHistory
		ADDED from AndroidManifest.xml:114:13
	android:name
		ADDED from AndroidManifest.xml:112:13
	android:launchMode
		ADDED from AndroidManifest.xml:113:13
intent-filter#android.intent.action.VIEW+android.intent.category.BROWSABLE+android.intent.category.DEFAULT
ADDED from AndroidManifest.xml:115:13
action#android.intent.action.VIEW
ADDED from AndroidManifest.xml:116:17
	android:name
		ADDED from AndroidManifest.xml:116:25
category#android.intent.category.DEFAULT
ADDED from AndroidManifest.xml:118:17
	android:name
		ADDED from AndroidManifest.xml:118:27
category#android.intent.category.BROWSABLE
ADDED from AndroidManifest.xml:119:17
	android:name
		ADDED from AndroidManifest.xml:119:27
data
ADDED from AndroidManifest.xml:121:17
	android:scheme
		ADDED from AndroidManifest.xml:121:23
activity#com.tencent.connect.common.AssistActivity
ADDED from AndroidManifest.xml:124:9
	android:screenOrientation
		ADDED from AndroidManifest.xml:126:13
	android:theme
		ADDED from AndroidManifest.xml:127:13
	android:name
		ADDED from AndroidManifest.xml:125:13
activity#com.hefan.wewei.wxapi.WXEntryActivity
ADDED from AndroidManifest.xml:130:9
	android:screenOrientation
		ADDED from AndroidManifest.xml:134:13
	android:configChanges
		ADDED from AndroidManifest.xml:132:13
	android:theme
		ADDED from AndroidManifest.xml:135:13
	android:exported
		ADDED from AndroidManifest.xml:133:13
	android:name
		ADDED from AndroidManifest.xml:131:13
receiver#com.umeng.message.NotificationProxyBroadcastReceiver
ADDED from AndroidManifest.xml:137:9
	android:exported
		ADDED from AndroidManifest.xml:139:13
	android:name
		ADDED from AndroidManifest.xml:138:13
receiver#com.umeng.message.RegistrationReceiver
ADDED from AndroidManifest.xml:141:9
	android:name
		ADDED from AndroidManifest.xml:141:19
intent-filter#android.net.conn.CONNECTIVITY_CHANGE
ADDED from AndroidManifest.xml:142:13
action#android.net.conn.CONNECTIVITY_CHANGE
ADDED from AndroidManifest.xml:143:17
	android:name
		ADDED from AndroidManifest.xml:143:25
intent-filter#android.intent.action.PACKAGE_REMOVED
ADDED from AndroidManifest.xml:145:13
action#android.intent.action.PACKAGE_REMOVED
ADDED from AndroidManifest.xml:146:17
	android:name
		ADDED from AndroidManifest.xml:146:25
receiver#com.umeng.message.UmengBroadcastReceiver
ADDED from AndroidManifest.xml:151:9
	android:name
		ADDED from AndroidManifest.xml:151:19
intent-filter#org.agoo.android.intent.action.RECEIVE
ADDED from AndroidManifest.xml:152:13
action#org.agoo.android.intent.action.RECEIVE
ADDED from AndroidManifest.xml:153:17
	android:name
		ADDED from AndroidManifest.xml:153:25
intent-filter#com.umeng.community.example.intent.action.COMMAND
ADDED from AndroidManifest.xml:155:13
action#com.umeng.community.example.intent.action.COMMAND
ADDED from AndroidManifest.xml:156:17
	android:name
		ADDED from AndroidManifest.xml:156:25
intent-filter#org.agoo.android.intent.action.RE_ELECTION_V2
ADDED from AndroidManifest.xml:158:13
action#org.agoo.android.intent.action.RE_ELECTION_V2
ADDED from AndroidManifest.xml:159:17
	android:name
		ADDED from AndroidManifest.xml:159:25
service#com.umeng.message.UmengService
ADDED from AndroidManifest.xml:163:9
	android:process
		ADDED from AndroidManifest.xml:166:13
	android:exported
		ADDED from AndroidManifest.xml:165:13
	android:name
		ADDED from AndroidManifest.xml:164:13
intent-filter#com.umeng.community.example.intent.action.START
ADDED from AndroidManifest.xml:167:13
action#com.umeng.community.example.intent.action.START
ADDED from AndroidManifest.xml:168:17
	android:name
		ADDED from AndroidManifest.xml:168:25
intent-filter#com.umeng.community.example.intent.action.COCKROACH
ADDED from AndroidManifest.xml:170:13
action#com.umeng.community.example.intent.action.COCKROACH
ADDED from AndroidManifest.xml:171:17
	android:name
		ADDED from AndroidManifest.xml:171:25
intent-filter#org.agoo.android.intent.action.PING
ADDED from AndroidManifest.xml:173:13
action#org.agoo.android.intent.action.PING
ADDED from AndroidManifest.xml:174:17
	android:name
		ADDED from AndroidManifest.xml:174:25
service#org.android.agoo.service.ElectionService
ADDED from AndroidManifest.xml:177:9
	android:process
		ADDED from AndroidManifest.xml:180:13
	android:exported
		ADDED from AndroidManifest.xml:179:13
	android:name
		ADDED from AndroidManifest.xml:178:13
intent-filter#org.agoo.android.intent.action.ELECTION_V2
ADDED from AndroidManifest.xml:181:13
action#org.agoo.android.intent.action.ELECTION_V2
ADDED from AndroidManifest.xml:182:17
	android:name
		ADDED from AndroidManifest.xml:182:25
service#com.umeng.message.UmengIntentService
ADDED from AndroidManifest.xml:185:9
	android:name
		ADDED from AndroidManifest.xml:185:18
service#com.umeng.message.UmengDownloadResourceService
ADDED from AndroidManifest.xml:187:9
	android:name
		ADDED from AndroidManifest.xml:187:18
meta-data#UMENG_APPKEY
ADDED from AndroidManifest.xml:199:14
	android:name
		ADDED from AndroidManifest.xml:200:13
	android:value
		ADDED from AndroidManifest.xml:201:13
meta-data#UMENG_MESSAGE_SECRET
ADDED from AndroidManifest.xml:203:9
	android:name
		ADDED from AndroidManifest.xml:204:13
	android:value
		ADDED from AndroidManifest.xml:205:13